<?xml version="1.0" encoding="UTF-8"?>
<!-- Generated by org.testng.reporters.JUnitXMLReporter -->
<testsuite ignored="0" hostname="Prashant_Laptop" failures="0" tests="5" name="Functional Testing" time="0.116" errors="0" timestamp="2024-10-18T15:38:43 IST">
  <testcase classname="BatchTesting.ProductPageTest" name="AddProductToCart" time="0.015"/>
  <testcase classname="BatchTesting.ProductPageTest" name="AddProductToWishList" time="0.002"/>
  <testcase classname="BatchTesting.ProductPageTest" name="SelectQuantity" time="0.005"/>
  <testcase classname="BatchTesting.PaymentTest" name="CashOnDelivery" time="0.002"/>
  <testcase classname="BatchTesting.PaymentTest" name="NetBanking" time="0.002"/>
</testsuite> <!-- Functional Testing -->
