<?xml version="1.0" encoding="UTF-8"?>
<testng-results ignored="0" total="10" passed="10" failed="0" skipped="0">
  <reporter-output>
  </reporter-output>
  <suite started-at="2024-10-18T15:38:43 IST" name="FunctionalTestingSuite" finished-at="2024-10-18T15:38:43 IST" duration-ms="116">
    <groups>
    </groups>
    <test started-at="2024-10-18T15:38:43 IST" name="Functional Testing" finished-at="2024-10-18T15:38:43 IST" duration-ms="116">
      <class name="BatchTesting.PaymentTest">
        <test-method signature="CashOnDelivery()[pri:0, instance:BatchTesting.PaymentTest@408d971b]" started-at="2024-10-18T15:38:43 IST" name="CashOnDelivery" finished-at="2024-10-18T15:38:43 IST" duration-ms="2" status="PASS">
          <reporter-output>
          </reporter-output>
        </test-method> <!-- CashOnDelivery -->
        <test-method signature="NetBanking()[pri:0, instance:BatchTesting.PaymentTest@408d971b]" started-at="2024-10-18T15:38:43 IST" name="NetBanking" finished-at="2024-10-18T15:38:43 IST" duration-ms="2" status="PASS">
          <reporter-output>
          </reporter-output>
        </test-method> <!-- NetBanking -->
      </class> <!-- BatchTesting.PaymentTest -->
      <class name="BatchTesting.ProductPageTest">
        <test-method signature="AddProductToCart()[pri:0, instance:BatchTesting.ProductPageTest@175c2241]" started-at="2024-10-18T15:38:43 IST" name="AddProductToCart" finished-at="2024-10-18T15:38:43 IST" duration-ms="15" status="PASS">
          <reporter-output>
          </reporter-output>
        </test-method> <!-- AddProductToCart -->
        <test-method signature="AddProductToWishList()[pri:0, instance:BatchTesting.ProductPageTest@175c2241]" started-at="2024-10-18T15:38:43 IST" name="AddProductToWishList" finished-at="2024-10-18T15:38:43 IST" duration-ms="2" status="PASS">
          <reporter-output>
          </reporter-output>
        </test-method> <!-- AddProductToWishList -->
        <test-method signature="SelectQuantity()[pri:0, instance:BatchTesting.ProductPageTest@175c2241]" started-at="2024-10-18T15:38:43 IST" name="SelectQuantity" finished-at="2024-10-18T15:38:43 IST" duration-ms="5" status="PASS">
          <reporter-output>
          </reporter-output>
        </test-method> <!-- SelectQuantity -->
      </class> <!-- BatchTesting.ProductPageTest -->
    </test> <!-- Functional Testing -->
  </suite> <!-- FunctionalTestingSuite -->
  <suite started-at="2024-10-18T15:38:43 IST" name="SanityTestSuite" finished-at="2024-10-18T15:38:43 IST" duration-ms="23">
    <groups>
    </groups>
    <test started-at="2024-10-18T15:38:43 IST" name="Sanity Testing" finished-at="2024-10-18T15:38:43 IST" duration-ms="23">
      <class name="BatchTesting.HomeScreenTest">
        <test-method signature="LaunchApplication()[pri:0, instance:BatchTesting.HomeScreenTest@20d525]" started-at="2024-10-18T15:38:43 IST" name="LaunchApplication" finished-at="2024-10-18T15:38:43 IST" duration-ms="2" status="PASS">
          <reporter-output>
          </reporter-output>
        </test-method> <!-- LaunchApplication -->
        <test-method signature="VerifyLogo()[pri:0, instance:BatchTesting.HomeScreenTest@20d525]" started-at="2024-10-18T15:38:43 IST" name="VerifyLogo" finished-at="2024-10-18T15:38:43 IST" duration-ms="3" status="PASS">
          <reporter-output>
          </reporter-output>
        </test-method> <!-- VerifyLogo -->
        <test-method signature="VerifyTitle()[pri:0, instance:BatchTesting.HomeScreenTest@20d525]" started-at="2024-10-18T15:38:43 IST" name="VerifyTitle" finished-at="2024-10-18T15:38:43 IST" duration-ms="2" status="PASS">
          <reporter-output>
          </reporter-output>
        </test-method> <!-- VerifyTitle -->
      </class> <!-- BatchTesting.HomeScreenTest -->
      <class name="BatchTesting.LoginTest">
        <test-method signature="LoginByEmail()[pri:0, instance:BatchTesting.LoginTest@6200f9cb]" started-at="2024-10-18T15:38:43 IST" name="LoginByEmail" finished-at="2024-10-18T15:38:43 IST" duration-ms="1" status="PASS">
          <reporter-output>
          </reporter-output>
        </test-method> <!-- LoginByEmail -->
        <test-method signature="LoginByMobileNumber()[pri:0, instance:BatchTesting.LoginTest@6200f9cb]" started-at="2024-10-18T15:38:43 IST" name="LoginByMobileNumber" finished-at="2024-10-18T15:38:43 IST" duration-ms="1" status="PASS">
          <reporter-output>
          </reporter-output>
        </test-method> <!-- LoginByMobileNumber -->
      </class> <!-- BatchTesting.LoginTest -->
    </test> <!-- Sanity Testing -->
  </suite> <!-- SanityTestSuite -->
  <suite started-at="2024-10-18T15:38:43 IST" name="Mastersuite" finished-at="2024-10-18T15:38:43 IST" duration-ms="0">
    <groups>
    </groups>
  </suite> <!-- Mastersuite -->
</testng-results>
