<?xml version="1.0" encoding="UTF-8"?>
<!-- Generated by org.testng.reporters.JUnitXMLReporter -->
<testsuite ignored="0" hostname="Prashant_Laptop" failures="0" tests="5" name="Default test" time="0.14" errors="0" timestamp="2024-10-18T15:13:14 IST">
  <testcase classname="BatchTesting.HomeScreenTest" name="LaunchApplication" time="0.018"/>
  <testcase classname="BatchTesting.HomeScreenTest" name="VerifyLogo" time="0.003"/>
  <testcase classname="BatchTesting.HomeScreenTest" name="VerifyTitle" time="0.004"/>
  <testcase classname="BatchTesting.LoginTest" name="LoginByEmail" time="0.002"/>
  <testcase classname="BatchTesting.LoginTest" name="LoginByMobileNumber" time="0.004"/>
</testsuite> <!-- Default test -->
